生成启动时间为 2020/6/12 8:20:04。
     1>项目“C:\DuringWinterVacation\MyC++\MyC++Code\KnowledgePoint\42 复数类所有的类模板实现在一个cpp里面\42 复数类所有的类模板实现在一个cpp里面\42 复数类所有的类模板实现在一个cpp里面.vcxproj”在节点 2 上(Build 个目标)。
     1>ClCompile:
         D:\SoftWare\VS2013\setup file\VC\bin\CL.exe /c /ZI /nologo /W3 /WX- /sdl /Od /Oy- /D WIN32 /D _DEBUG /D _CONSOLE /D _LIB /D _UNICODE /D UNICODE /Gm /EHsc /RTC1 /MDd /GS /fp:precise /Zc:wchar_t /Zc:forScope /Fo"Debug\\" /Fd"Debug\vc120.pdb" /Gd /TP /analyze- /errorReport:prompt "42 复数类所有的类模板实现在一个cpp里面.cpp"
         42 复数类所有的类模板实现在一个cpp里面.cpp
     1>c:\duringwintervacation\myc++\myc++code\knowledgepoint\42 复数类所有的类模板实现在一个cpp里面\42 复数类所有的类模板实现在一个cpp里面\42 复数类所有的类模板实现在一个cpp里面.cpp(33): warning C4812: 过时的声明样式: 请改用“Complex<T>::Complex”
     1>c:\duringwintervacation\myc++\myc++code\knowledgepoint\42 复数类所有的类模板实现在一个cpp里面\42 复数类所有的类模板实现在一个cpp里面\42 复数类所有的类模板实现在一个cpp里面.cpp(33): warning C4812: 过时的声明样式: 请改用“Complex<int>::Complex”
                 c:\duringwintervacation\myc++\myc++code\knowledgepoint\42 复数类所有的类模板实现在一个cpp里面\42 复数类所有的类模板实现在一个cpp里面\42 复数类所有的类模板实现在一个cpp里面.cpp(33): 编译类 模板 成员函数“Complex<int>::Complex(T,T)”时
                 with
                 [
                     T=int
                 ]
                 c:\duringwintervacation\myc++\myc++code\knowledgepoint\42 复数类所有的类模板实现在一个cpp里面\42 复数类所有的类模板实现在一个cpp里面\42 复数类所有的类模板实现在一个cpp里面.cpp(47): 参见对正在编译的函数 模板 实例化“Complex<int>::Complex(T,T)”的引用
                 with
                 [
                     T=int
                 ]
                 c:\duringwintervacation\myc++\myc++code\knowledgepoint\42 复数类所有的类模板实现在一个cpp里面\42 复数类所有的类模板实现在一个cpp里面\42 复数类所有的类模板实现在一个cpp里面.cpp(47): 参见对正在编译的类 模板 实例化“Complex<int>”的引用
       Link:
         D:\SoftWare\VS2013\setup file\VC\bin\link.exe /ERRORREPORT:PROMPT /OUT:"C:\DuringWinterVacation\MyC++\MyC++Code\KnowledgePoint\42 复数类所有的类模板实现在一个cpp里面\Debug\42 复数类所有的类模板实现在一个cpp里面.exe" /INCREMENTAL /NOLOGO kernel32.lib user32.lib gdi32.lib winspool.lib comdlg32.lib advapi32.lib shell32.lib ole32.lib oleaut32.lib uuid.lib odbc32.lib odbccp32.lib /MANIFEST /MANIFESTUAC:"level='asInvoker' uiAccess='false'" /manifest:embed /DEBUG /PDB:"C:\DuringWinterVacation\MyC++\MyC++Code\KnowledgePoint\42 复数类所有的类模板实现在一个cpp里面\Debug\42 复数类所有的类模板实现在一个cpp里面.pdb" /SUBSYSTEM:CONSOLE /TLBID:1 /DYNAMICBASE /NXCOMPAT /IMPLIB:"C:\DuringWinterVacation\MyC++\MyC++Code\KnowledgePoint\42 复数类所有的类模板实现在一个cpp里面\Debug\42 复数类所有的类模板实现在一个cpp里面.lib" /MACHINE:X86 "Debug\42 复数类所有的类模板实现在一个cpp里面.obj"
         42 复数类所有的类模板实现在一个cpp里面.vcxproj -> C:\DuringWinterVacation\MyC++\MyC++Code\KnowledgePoint\42 复数类所有的类模板实现在一个cpp里面\Debug\42 复数类所有的类模板实现在一个cpp里面.exe
     1>已完成生成项目“C:\DuringWinterVacation\MyC++\MyC++Code\KnowledgePoint\42 复数类所有的类模板实现在一个cpp里面\42 复数类所有的类模板实现在一个cpp里面\42 复数类所有的类模板实现在一个cpp里面.vcxproj”(Build 个目标)的操作。

生成成功。

已用时间 00:00:00.91
