生成启动时间为 2020/4/9 16:30:20。
     1>项目“C:\寒假期间\比特科技\比特code\4月份\4.6\04 数据存储Code\04 数据存储Code\04 数据存储Code\04 数据存储Code.vcxproj”在节点 2 上(Build 个目标)。
     1>ClCompile:
         D:\SoftWare\VS2013\setup file\VC\bin\CL.exe /c /ZI /nologo /W3 /WX- /sdl /Od /Oy- /D WIN32 /D _DEBUG /D _CONSOLE /D _LIB /D _UNICODE /D UNICODE /Gm /EHsc /RTC1 /MDd /GS /fp:precise /Zc:wchar_t /Zc:forScope /Fo"Debug\\" /Fd"Debug\vc120.pdb" /Gd /TP /analyze- /errorReport:prompt "04 数据存储Code.cpp"
         04 数据存储Code.cpp
     1>c:\寒假期间\比特科技\比特code\4月份\4.6\04 数据存储code\04 数据存储code\04 数据存储code\04 数据存储code.cpp(22): warning C4101: “a”: 未引用的局部变量
     1>c:\寒假期间\比特科技\比特code\4月份\4.6\04 数据存储code\04 数据存储code\04 数据存储code\04 数据存储code.cpp(23): warning C4101: “d”: 未引用的局部变量
     1>c:\寒假期间\比特科技\比特code\4月份\4.6\04 数据存储code\04 数据存储code\04 数据存储code\04 数据存储code.cpp(21): warning C4101: “ch”: 未引用的局部变量
     1>c:\寒假期间\比特科技\比特code\4月份\4.6\04 数据存储code\04 数据存储code\04 数据存储code\04 数据存储code.cpp(29): warning C4101: “ch1”: 未引用的局部变量
     1>c:\寒假期间\比特科技\比特code\4月份\4.6\04 数据存储code\04 数据存储code\04 数据存储code\04 数据存储code.cpp(30): warning C4101: “ch2”: 未引用的局部变量
     1>c:\寒假期间\比特科技\比特code\4月份\4.6\04 数据存储code\04 数据存储code\04 数据存储code\04 数据存储code.cpp(31): warning C4101: “ch3”: 未引用的局部变量
     1>c:\寒假期间\比特科技\比特code\4月份\4.6\04 数据存储code\04 数据存储code\04 数据存储code\04 数据存储code.cpp(41): warning C4309: “初始化”: 截断常量值
     1>c:\寒假期间\比特科技\比特code\4月份\4.6\04 数据存储code\04 数据存储code\04 数据存储code\04 数据存储code.cpp(56): warning C4305: “初始化”: 从“int”到“char”截断
     1>c:\寒假期间\比特科技\比特code\4月份\4.6\04 数据存储code\04 数据存储code\04 数据存储code\04 数据存储code.cpp(56): warning C4309: “初始化”: 截断常量值
     1>c:\寒假期间\比特科技\比特code\4月份\4.6\04 数据存储code\04 数据存储code\04 数据存储code\04 数据存储code.cpp(119): warning C4309: “初始化”: 截断常量值
     1>c:\寒假期间\比特科技\比特code\4月份\4.6\04 数据存储code\04 数据存储code\04 数据存储code\04 数据存储code.cpp(172): warning C4101: “i”: 未引用的局部变量
     1>c:\寒假期间\比特科技\比特code\4月份\4.6\04 数据存储code\04 数据存储code\04 数据存储code\04 数据存储code.cpp(176): warning C4101: “pv”: 未引用的局部变量
     1>c:\寒假期间\比特科技\比特code\4月份\4.6\04 数据存储code\04 数据存储code\04 数据存储code\04 数据存储code.cpp(171): warning C4101: “ch”: 未引用的局部变量
     1>c:\寒假期间\比特科技\比特code\4月份\4.6\04 数据存储code\04 数据存储code\04 数据存储code\04 数据存储code.cpp(180): warning C4305: “初始化”: 从“int”到“unsigned char”截断
     1>c:\寒假期间\比特科技\比特code\4月份\4.6\04 数据存储code\04 数据存储code\04 数据存储code\04 数据存储code.cpp(180): warning C4309: “初始化”: 截断常量值
       Link:
         D:\SoftWare\VS2013\setup file\VC\bin\link.exe /ERRORREPORT:PROMPT /OUT:"C:\寒假期间\比特科技\比特code\4月份\4.6\04 数据存储Code\04 数据存储Code\Debug\04 数据存储Code.exe" /INCREMENTAL /NOLOGO kernel32.lib user32.lib gdi32.lib winspool.lib comdlg32.lib advapi32.lib shell32.lib ole32.lib oleaut32.lib uuid.lib odbc32.lib odbccp32.lib /MANIFEST /MANIFESTUAC:"level='asInvoker' uiAccess='false'" /manifest:embed /DEBUG /PDB:"C:\寒假期间\比特科技\比特code\4月份\4.6\04 数据存储Code\04 数据存储Code\Debug\04 数据存储Code.pdb" /SUBSYSTEM:CONSOLE /TLBID:1 /DYNAMICBASE /NXCOMPAT /IMPLIB:"C:\寒假期间\比特科技\比特code\4月份\4.6\04 数据存储Code\04 数据存储Code\Debug\04 数据存储Code.lib" /MACHINE:X86 "Debug\04 数据存储Code.obj"
         04 数据存储Code.vcxproj -> C:\寒假期间\比特科技\比特code\4月份\4.6\04 数据存储Code\04 数据存储Code\Debug\04 数据存储Code.exe
     1>已完成生成项目“C:\寒假期间\比特科技\比特code\4月份\4.6\04 数据存储Code\04 数据存储Code\04 数据存储Code\04 数据存储Code.vcxproj”(Build 个目标)的操作。

生成成功。

已用时间 00:00:01.12
