生成启动时间为 2020/6/12 8:53:03。
     1>项目“C:\DuringWinterVacation\MyC++\MyC++Code\KnowledgePoint\43 复数类所有的模板在类的外部实现 h和cpp分开\43 复数类所有的模板在类的外部实现 h和cpp分开\43 复数类所有的模板在类的外部实现 h和cpp分开.vcxproj”在节点 2 上(Build 个目标)。
     1>ClCompile:
         D:\SoftWare\VS2013\setup file\VC\bin\CL.exe /c /ZI /nologo /W3 /WX- /sdl /Od /Oy- /D WIN32 /D _DEBUG /D _CONSOLE /D _LIB /D _UNICODE /D UNICODE /Gm /EHsc /RTC1 /MDd /GS /fp:precise /Zc:wchar_t /Zc:forScope /Fo"Debug\\" /Fd"Debug\vc120.pdb" /Gd /TP /analyze- /errorReport:prompt "43 复数类所有的模板在类的外部实现 h和cpp分开.cpp" Complex.cpp
         Complex.cpp
     1>c:\duringwintervacation\myc++\myc++code\knowledgepoint\43 复数类所有的模板在类的外部实现 h和cpp分开\43 复数类所有的模板在类的外部实现 h和cpp分开\complex.cpp(19): warning C4812: 过时的声明样式: 请改用“Complex<T>::Complex”
         43 复数类所有的模板在类的外部实现 h和cpp分开.cpp
     1>c:\duringwintervacation\myc++\myc++code\knowledgepoint\43 复数类所有的模板在类的外部实现 h和cpp分开\43 复数类所有的模板在类的外部实现 h和cpp分开\complex.cpp(19): warning C4812: 过时的声明样式: 请改用“Complex<T>::Complex”
     1>c:\duringwintervacation\myc++\myc++code\knowledgepoint\43 复数类所有的模板在类的外部实现 h和cpp分开\43 复数类所有的模板在类的外部实现 h和cpp分开\complex.cpp(19): warning C4812: 过时的声明样式: 请改用“Complex<int>::Complex”
                 c:\duringwintervacation\myc++\myc++code\knowledgepoint\43 复数类所有的模板在类的外部实现 h和cpp分开\43 复数类所有的模板在类的外部实现 h和cpp分开\complex.cpp(19): 编译类 模板 成员函数“Complex<int>::Complex(T,T)”时
                 with
                 [
                     T=int
                 ]
                 c:\duringwintervacation\myc++\myc++code\knowledgepoint\43 复数类所有的模板在类的外部实现 h和cpp分开\43 复数类所有的模板在类的外部实现 h和cpp分开\43 复数类所有的模板在类的外部实现 h和cpp分开.cpp(6): 参见对正在编译的函数 模板 实例化“Complex<int>::Complex(T,T)”的引用
                 with
                 [
                     T=int
                 ]
                 c:\duringwintervacation\myc++\myc++code\knowledgepoint\43 复数类所有的模板在类的外部实现 h和cpp分开\43 复数类所有的模板在类的外部实现 h和cpp分开\43 复数类所有的模板在类的外部实现 h和cpp分开.cpp(6): 参见对正在编译的类 模板 实例化“Complex<int>”的引用
         正在生成代码...
       Link:
         D:\SoftWare\VS2013\setup file\VC\bin\link.exe /ERRORREPORT:PROMPT /OUT:"C:\DuringWinterVacation\MyC++\MyC++Code\KnowledgePoint\43 复数类所有的模板在类的外部实现 h和cpp分开\Debug\43 复数类所有的模板在类的外部实现 h和cpp分开.exe" /INCREMENTAL /NOLOGO kernel32.lib user32.lib gdi32.lib winspool.lib comdlg32.lib advapi32.lib shell32.lib ole32.lib oleaut32.lib uuid.lib odbc32.lib odbccp32.lib /MANIFEST /MANIFESTUAC:"level='asInvoker' uiAccess='false'" /manifest:embed /DEBUG /PDB:"C:\DuringWinterVacation\MyC++\MyC++Code\KnowledgePoint\43 复数类所有的模板在类的外部实现 h和cpp分开\Debug\43 复数类所有的模板在类的外部实现 h和cpp分开.pdb" /SUBSYSTEM:CONSOLE /TLBID:1 /DYNAMICBASE /NXCOMPAT /IMPLIB:"C:\DuringWinterVacation\MyC++\MyC++Code\KnowledgePoint\43 复数类所有的模板在类的外部实现 h和cpp分开\Debug\43 复数类所有的模板在类的外部实现 h和cpp分开.lib" /MACHINE:X86 "Debug\43 复数类所有的模板在类的外部实现 h和cpp分开.obj"
         Debug\Complex.obj
         43 复数类所有的模板在类的外部实现 h和cpp分开.vcxproj -> C:\DuringWinterVacation\MyC++\MyC++Code\KnowledgePoint\43 复数类所有的模板在类的外部实现 h和cpp分开\Debug\43 复数类所有的模板在类的外部实现 h和cpp分开.exe
     1>已完成生成项目“C:\DuringWinterVacation\MyC++\MyC++Code\KnowledgePoint\43 复数类所有的模板在类的外部实现 h和cpp分开\43 复数类所有的模板在类的外部实现 h和cpp分开\43 复数类所有的模板在类的外部实现 h和cpp分开.vcxproj”(Build 个目标)的操作。

生成成功。

已用时间 00:00:01.37
